c:\users\nami-\documents\vc++2019超入門\サンプル\第6章\dicegame\dicegame\release\vc142.pdb
c:\users\nami-\documents\vc++2019超入門\サンプル\第6章\dicegame\dicegame\release\myform.obj
c:\users\nami-\documents\vc++2019超入門\サンプル\第6章\dicegame\dicegame\release\formscore.obj
c:\users\nami-\documents\vc++2019超入門\サンプル\第6章\dicegame\dicegame\release\formoption.obj
c:\users\nami-\documents\vc++2019超入門\サンプル\第6章\dicegame\dicegame\release\dice.obj
c:\users\nami-\documents\vc++2019超入門\サンプル\第6章\dicegame\dicegame\release\.netframework,version=v4.7.2.assemblyattributes.obj
c:\users\nami-\documents\vc++2019超入門\サンプル\第6章\dicegame\dicegame\release\.netframework,version=v4.7.2.assemblyattributes.asm
c:\users\nami-\documents\vc++2019超入門\サンプル\第6章\dicegame\dicegame\release\dicegame.formoption.resources
c:\users\nami-\documents\vc++2019超入門\サンプル\第6章\dicegame\dicegame\release\dicegame.formscore.resources
c:\users\nami-\documents\vc++2019超入門\サンプル\第6章\dicegame\dicegame\release\dicegame.myform.resources
c:\users\nami-\documents\vc++2019超入門\サンプル\第6章\dicegame\release\dicegame.exe
c:\users\nami-\documents\vc++2019超入門\サンプル\第6章\dicegame\release\dicegame.pdb
c:\users\nami-\documents\vc++2019超入門\サンプル\第6章\dicegame\dicegame\release\dicegame.vcxproj.generateresource.cache
c:\users\nami-\documents\vc++2019超入門\サンプル\第6章\dicegame\dicegame\release\dicegame.tlog\cl.command.1.tlog
c:\users\nami-\documents\vc++2019超入門\サンプル\第6章\dicegame\dicegame\release\dicegame.tlog\cl.read.1.tlog
c:\users\nami-\documents\vc++2019超入門\サンプル\第6章\dicegame\dicegame\release\dicegame.tlog\cl.write.1.tlog
c:\users\nami-\documents\vc++2019超入門\サンプル\第6章\dicegame\dicegame\release\dicegame.tlog\dicegame.write.1u.tlog
c:\users\nami-\documents\vc++2019超入門\サンプル\第6章\dicegame\dicegame\release\dicegame.tlog\link.command.1.tlog
c:\users\nami-\documents\vc++2019超入門\サンプル\第6章\dicegame\dicegame\release\dicegame.tlog\link.read.1.tlog
c:\users\nami-\documents\vc++2019超入門\サンプル\第6章\dicegame\dicegame\release\dicegame.tlog\link.write.1.tlog
c:\users\nami-\documents\vc++2019超入門\サンプル\第6章\dicegame\dicegame\release\dicegame.tlog\metagen.read.1.tlog
c:\users\nami-\documents\vc++2019超入門\サンプル\第6章\dicegame\dicegame\release\dicegame.tlog\metagen.write.1.tlog
